

*******************************************************************************
Sat Oct 11 13:29:57 2014


FIT:    data read from "./Datos/tiempo_busqueda_binaria.dat"
        format = z
        #datapoints = 100
        residuals are weighted equally (unit weight)

function used for fitting: f(x)
fitted parameters initialized with current variable values



 Iteration 0
 WSSR        : 39955.3           delta(WSSR)/WSSR   : 0
 delta(WSSR) : 0                 limit for stopping : 1e-05
 lambda	  : 13.4479

initial set of free parameter values

a               = 1
b               = 1

After 6 iterations the fit converged.
final sum of squares of residuals : 3.23742e-15
rel. change during last iteration : -4.73978e-08

degrees of freedom    (FIT_NDF)                        : 98
rms of residuals      (FIT_STDFIT) = sqrt(WSSR/ndf)    : 5.7476e-09
variance of residuals (reduced chisquare) = WSSR/ndf   : 3.30349e-17

Final set of parameters            Asymptotic Standard Error
=======================            ==========================

a               = 9.64208e-09      +/- 3.787e-10    (3.928%)
b               = 7.05458e-09      +/- 7.192e-09    (102%)


correlation matrix of the fit parameters:

               a      b      
a               1.000 
b              -0.997  1.000 
